number,value,state,duration,params_colsample_bytree,params_learning_rate,params_max_depth,params_min_child_samples,params_n_estimators,params_num_leaves,params_reg_alpha,params_reg_lambda,params_subsample,params_subsample_freq
378,0.92765910375381,PRUNED,0 days 00:00:00.821479,0.8444770226714706,0.1377177325794759,12,51,1400,245,0.00010453368197918868,4.977764521190575e-07,0.6758684581799318,2
379,0.9275253730935887,COMPLETE,0 days 00:00:00.895906,0.6633996621553506,0.08834523672277303,11,48,800,232,4.638296589162484e-05,2.401158388148243,0.7056449877589992,2
380,0.9290092326635384,COMPLETE,0 days 00:00:01.085022,0.8697497988459674,0.17605389270334945,12,54,1300,251,0.0001822331370598172,7.792023917961087e-08,0.6408468374161527,2
381,0.9225842396790136,COMPLETE,0 days 00:00:00.879939,0.9126344384579042,0.12392656101711522,10,43,700,221,0.0003504093623876226,1.1431631592833226e-07,0.6584609464994778,2
382,0.9192260480514018,PRUNED,0 days 00:00:01.165579,0.8347267782362583,0.19743103720542307,11,74,600,244,0.000547946767841444,2.4641410826634985e-07,0.6842280991502947,2
383,0.9288624192706129,COMPLETE,0 days 00:00:01.817994,0.9895000226481789,0.14647425330697245,5,80,800,196,0.00015267236727570314,7.159831610215075e-07,0.807355798813678,2
384,0.9252896464829514,PRUNED,0 days 00:00:00.901288,0.8569093190343255,0.058302319059110826,12,49,700,146,0.0002493418296571435,4.811036595124164e-08,0.7139193695609719,2
385,0.9224950502718293,COMPLETE,0 days 00:00:01.149678,0.7142315472517111,0.10189766740949932,12,51,1400,227,6.120719141799988e-05,1.4063501265735113e-06,0.723464171077002,2
386,0.9245052138734878,PRUNED,0 days 00:00:00.947298,0.8841642755774208,0.07981321606971417,11,45,1200,235,9.17223358492776e-08,3.006938056567415e-07,0.6935573448758182,2
387,0.9288614427354204,COMPLETE,0 days 00:00:01.408759,0.8639105803104523,0.15818282012327295,12,53,1500,241,0.0007460015236739022,2.3129807043901514e-06,0.7018090002917742,2
388,0.9241862539134784,COMPLETE,0 days 00:00:00.999078,0.9221869160025569,0.13156485225352268,12,47,700,176,3.793792382573108,1.3232581767976442e-05,0.8809949115967088,2
389,0.9069480133624257,PRUNED,0 days 00:00:01.029810,0.548466310217778,0.04510478690128214,10,55,1400,255,1.2619947765700394e-05,1.4877207585979568e-07,0.7423943961346922,1
390,0.9251620788758826,COMPLETE,0 days 00:00:01.048496,0.8510330304834076,0.17137078622484544,11,63,700,214,0.08083907285690475,0.3644250216515381,0.6811107506883239,2
391,0.9128420233301359,PRUNED,0 days 00:00:01.679812,0.8957495570006065,0.11534894961241651,12,60,800,248,0.000105103845111388,4.325624637199428e-05,0.8653421392432898,2
392,0.929959225037719,COMPLETE,0 days 00:00:01.241311,0.840844684614669,0.006036545985908768,11,30,1300,202,2.0531232385890303e-05,4.315551446693525e-07,0.7294210997158147,2
393,0.9320714837221442,COMPLETE,0 days 00:00:02.369502,0.8293381258528625,0.06795469032722869,12,49,600,237,0.0003819007772230002,9.183977816675126e-08,0.6695540202247604,2
394,0.9212585825239579,COMPLETE,0 days 00:00:01.211535,0.8276087364314537,0.092730948617183,12,46,200,236,0.0003142445670464837,6.155939909153796e-08,0.6643854171147802,2
395,0.9312948939013844,COMPLETE,0 days 00:00:01.137711,0.8118720670666709,0.06967027156723316,4,50,600,231,0.0004517112878013322,7.993816969048615e-08,0.650022476222531,2
396,0.9308333871731941,COMPLETE,0 days 00:00:01.043195,0.8202459195153223,0.14298319143832833,12,44,600,163,4.729062809613091e-06,1.352827167946106e-07,0.670160575669386,2
397,0.926226966831469,PRUNED,0 days 00:00:00.891504,0.8314412406438655,0.12351036724162727,12,48,600,239,0.0001973038740492461,4.2969920719212514e-08,0.6797034309238557,2
398,0.920684943354009,PRUNED,0 days 00:00:00.954833,0.838673339239124,0.07829547228663486,12,42,600,245,0.0003161829911967453,1.0073719268106352e-07,0.689980313708489,4
399,0.9178294486322032,PRUNED,0 days 00:00:00.769976,0.8487493787894161,0.16145212397646702,12,83,600,241,0.00015139211715589122,9.61250053729689e-08,0.6739691683728399,2
